{"/Users/ccuk/Desktop/jester/src/rectangle.js": {"path":"/Users/ccuk/Desktop/jester/src/rectangle.js","statementMap":{"0":{"start":{"line":2,"column":21},"end":{"line":2,"column":22}},"1":{"start":{"line":3,"column":19},"end":{"line":3,"column":20}},"2":{"start":{"line":5,"column":8},"end":{"line":5,"column":26}},"3":{"start":{"line":9,"column":8},"end":{"line":9,"column":26}},"4":{"start":{"line":10,"column":8},"end":{"line":10,"column":28}},"5":{"start":{"line":11,"column":8},"end":{"line":11,"column":28}},"6":{"start":{"line":15,"column":8},"end":{"line":15,"column":40}},"7":{"start":{"line":19,"column":8},"end":{"line":19,"column":46}},"8":{"start":{"line":23,"column":0},"end":{"line":23,"column":30}}},"fnMap":{"0":{"name":"(anonymous_0)","decl":{"start":{"line":4,"column":4},"end":{"line":4,"column":5}},"loc":{"start":{"line":4,"column":20},"end":{"line":6,"column":5}},"line":4},"1":{"name":"(anonymous_1)","decl":{"start":{"line":8,"column":4},"end":{"line":8,"column":5}},"loc":{"start":{"line":8,"column":30},"end":{"line":12,"column":5}},"line":8},"2":{"name":"(anonymous_2)","decl":{"start":{"line":14,"column":4},"end":{"line":14,"column":5}},"loc":{"start":{"line":14,"column":10},"end":{"line":16,"column":5}},"line":14},"3":{"name":"(anonymous_3)","decl":{"start":{"line":18,"column":4},"end":{"line":18,"column":5}},"loc":{"start":{"line":18,"column":15},"end":{"line":20,"column":5}},"line":18}},"branchMap":{},"s":{"0":1,"1":1,"2":0,"3":1,"4":1,"5":1,"6":0,"7":0,"8":1},"f":{"0":0,"1":1,"2":0,"3":0},"b":{},"_coverageSchema":"1a1c01bbd47fc00a2c39e90264f33305004495a9","hash":"b96f145e4ca2dfaec10a9d53c840ca6fe97d7026"}
}
